[27May2025 00:00:15.224] [Server thread/WARN] [net.minecraft.server.MinecraftServer/]: Can't keep up! Is the server overloaded? Running 2001ms or 40 ticks behind
[27May2025 00:00:18.103] [Server thread/WARN] [waterframes/]: Server seems overloading, jumping 3026ms or 60 ticks
[27May2025 00:00:52.426] [Server thread/WARN] [net.minecraft.server.MinecraftServer/]: Can't keep up! Is the server overloaded? Running 2003ms or 40 ticks behind
[27May2025 00:01:16.134] [Server thread/WARN] [net.minecraft.server.MinecraftServer/]: Can't keep up! Is the server overloaded? Running 2010ms or 40 ticks behind
[27May2025 00:01:38.054] [Server thread/INFO] [net.minecraft.server.MinecraftServer/]: [mererio48: Teleported mererio48 to ZhynoDamned]
[27May2025 00:01:49.651] [Server thread/WARN] [waterframes/]: Server seems overloading, jumping 3160ms or 63 ticks
[27May2025 00:01:51.470] [Server thread/INFO] [net.minecraft.server.MinecraftServer/]: Invel666 has made the advancement [Spooky Scary Skeleton]
[27May2025 00:02:10.667] [Server thread/INFO] [net.minecraft.server.MinecraftServer/]: ZhynoDamned was frozen to death by Ancient Knight
[27May2025 00:02:11.863] [Server thread/INFO] [net.minecraft.server.MinecraftServer/]: [Invel666: Teleported Invel666 to ZhynoDamned]
[27May2025 00:02:16.849] [Server thread/INFO] [net.minecraft.server.MinecraftServer/]: [ZhynoDamned: Teleported ZhynoDamned to Invel666]
[27May2025 00:02:18.923] [Server thread/INFO] [net.minecraft.server.MinecraftServer/]: Invel666 burned to death
[27May2025 00:02:20.508] [Server thread/INFO] [net.minecraft.server.MinecraftServer/]: mererio48 was slain by Ancient Knight
[27May2025 00:02:22.490] [Server thread/WARN] [waterframes/]: Server seems overloading, jumping 3334ms or 66 ticks
[27May2025 00:02:23.515] [Server thread/INFO] [net.minecraft.server.MinecraftServer/]: [Invel666: Teleported Invel666 to ZhynoDamned]
[27May2025 00:02:34.949] [Server thread/INFO] [net.minecraft.server.MinecraftServer/]: [mererio48: Teleported mererio48 to ZhynoDamned]
[27May2025 00:03:21.119] [Server thread/WARN] [waterframes/]: Server seems overloading, jumping 3192ms or 63 ticks
[27May2025 00:03:45.660] [Server thread/INFO] [net.minecraft.server.MinecraftServer/]: ZhynoDamned was slain by Ancient Knight
[27May2025 00:03:49.471] [Server thread/INFO] [net.minecraft.server.MinecraftServer/]: [ZhynoDamned: Teleported ZhynoDamned to Invel666]
[27May2025 00:04:09.495] [Server thread/WARN] [waterframes/]: Server seems overloading, jumping 3041ms or 60 ticks
[27May2025 00:04:49.370] [Server thread/WARN] [waterframes/]: Server seems overloading, jumping 3004ms or 60 ticks
[27May2025 00:04:58.558] [Server thread/INFO] [net.minecraft.server.MinecraftServer/]: ZhynoDamned was slain by Ancient Knight
[27May2025 00:05:01.773] [Server thread/INFO] [net.minecraft.server.MinecraftServer/]: [ZhynoDamned: Teleported ZhynoDamned to Invel666]
[27May2025 00:05:27.061] [Server thread/WARN] [waterframes/]: Server seems overloading, jumping 3328ms or 66 ticks
[27May2025 00:05:34.006] [Server thread/INFO] [net.minecraft.server.MinecraftServer/]: mererio48 was slain by Ancient Knight
[27May2025 00:05:38.214] [Server thread/INFO] [net.minecraft.server.MinecraftServer/]: ZhynoDamned was slain by Ancient Knight
[27May2025 00:05:42.140] [Server thread/INFO] [net.minecraft.server.MinecraftServer/]: [mererio48: Teleported mererio48 to Invel666]
[27May2025 00:05:42.479] [Server thread/INFO] [net.minecraft.server.MinecraftServer/]: [ZhynoDamned: Teleported ZhynoDamned to Invel666]
[27May2025 00:06:29.699] [Server thread/WARN] [waterframes/]: Server seems overloading, jumping 3120ms or 62 ticks
[27May2025 00:07:01.150] [Server thread/WARN] [waterframes/]: Server seems overloading, jumping 3033ms or 60 ticks
[27May2025 00:07:30.753] [Server thread/INFO] [net.minecraft.server.MinecraftServer/]: Invel666 was slain by Ancient Knight
[27May2025 00:07:36.046] [Server thread/INFO] [net.minecraft.server.MinecraftServer/]: [Invel666: Teleported Invel666 to ZhynoDamned]
[27May2025 00:07:40.045] [Server thread/INFO] [net.minecraft.world.entity.npc.Villager/]: Villager Villager['Villager'/28010, l='ServerLevel[world]', x=2764.44, y=67.00, z=3852.55] died, message: 'Villager was slain by Zombie'
[27May2025 00:08:30.548] [Server thread/WARN] [waterframes/]: Server seems overloading, jumping 3165ms or 63 ticks
[27May2025 00:09:30.496] [Server thread/WARN] [waterframes/]: Server seems overloading, jumping 3059ms or 61 ticks
[27May2025 00:09:46.958] [Server thread/INFO] [net.minecraft.server.MinecraftServer/]: ZhynoDamned was slain by Ancient Knight
[27May2025 00:09:51.903] [Server thread/INFO] [net.minecraft.server.MinecraftServer/]: [ZhynoDamned: Teleported ZhynoDamned to Invel666]
[27May2025 00:10:04.306] [Server thread/WARN] [waterframes/]: Server seems overloading, jumping 3159ms or 63 ticks
[27May2025 00:13:45.258] [Server thread/INFO] [net.minecraft.server.network.ServerGamePacketListenerImpl/]: Invel666 lost connection: Disconnected
[27May2025 00:13:45.259] [Server thread/INFO] [net.minecraft.server.MinecraftServer/]: Invel666 left the game
[27May2025 00:14:16.314] [Server thread/INFO] [net.minecraft.server.MinecraftServer/]: Jota has made the advancement [What a Deal!]
